<?xml version="1.0" encoding="UTF-8"?>
<testsuite xmlns:xsi="http://www.w3.org/2001/XMLSchema-instance" xsi:noNamespaceSchemaLocation="https://maven.apache.org/surefire/maven-surefire-plugin/xsd/surefire-test-report-3.0.xsd" version="3.0" name="com.nttdata.jpuma.producto.infraestructure.config.spring.SpringBootServiceTests" time="4.119" tests="1" errors="0" skipped="0" failures="0">
  <properties>
[...]
</properties>
  <testcase name="contextLoads" classname="com.nttdata.jpuma.producto.infraestructure.config.spring.SpringBootServiceTests" time="0.764">
    <system-out><![CDATA[16:55:29.751 [main] INFO org.springframework.test.context.support.AnnotationConfigContextLoaderUtils -- Could not detect default configuration classes for test class [com.nttdata.jpuma.producto.infraestructure.config.spring.SpringBootServiceTests]: SpringBootServiceTests does not declare any static, non-private, non-final, nested classes annotated with @Configuration.
16:55:29.846 [main] INFO org.springframework.boot.test.context.SpringBootTestContextBootstrapper -- Found @SpringBootConfiguration com.nttdata.jpuma.producto.infraestructure.config.spring.SpringBootService for test class com.nttdata.jpuma.producto.infraestructure.config.spring.SpringBootServiceTests

  .   ____          _            __ _ _
 /\\ / ___'_ __ _ _(_)_ __  __ _ \ \ \ \
( ( )\___ | '_ | '_| | '_ \/ _` | \ \ \ \
 \\/  ___)| |_)| | | | | || (_| |  ) ) ) )
  '  |____| .__|_| |_|_| |_\__, | / / / /
 =========|_|==============|___/=/_/_/_/
 :: Spring Boot ::                (v3.1.1)

2023-07-11T16:55:30.180-05:00  INFO 24880 --- [           main] c.n.j.p.i.c.s.SpringBootServiceTests     : Starting SpringBootServiceTests using Java 17.0.7 with PID 24880 (started by jpumacca in C:\Users\jpumacca\Documents\PROYECTOS\github.com\jpumaccajia\producto)
2023-07-11T16:55:30.181-05:00  INFO 24880 --- [           main] c.n.j.p.i.c.s.SpringBootServiceTests     : No active profile set, falling back to 1 default profile: "default"
2023-07-11T16:55:30.620-05:00  INFO 24880 --- [           main] .s.d.r.c.RepositoryConfigurationDelegate : Bootstrapping Spring Data Reactive MongoDB repositories in DEFAULT mode.
2023-07-11T16:55:30.728-05:00  INFO 24880 --- [           main] .s.d.r.c.RepositoryConfigurationDelegate : Finished Spring Data repository scanning in 105 ms. Found 2 Reactive MongoDB repository interfaces.
2023-07-11T16:55:31.655-05:00  INFO 24880 --- [           main] org.mongodb.driver.client                : MongoClient with metadata {"driver": {"name": "mongo-java-driver|reactive-streams|spring-boot", "version": "4.9.1"}, "os": {"type": "Windows", "name": "Windows 10", "architecture": "amd64", "version": "10.0"}, "platform": "Java/Microsoft/17.0.7+7-LTS"} created with settings MongoClientSettings{readPreference=primary, writeConcern=WriteConcern{w=majority, wTimeout=null ms, journal=null}, retryWrites=true, retryReads=true, readConcern=ReadConcern{level=null}, credential=MongoCredential{mechanism=null, userName='jharts', source='admin', password=<hidden>, mechanismProperties=<hidden>}, streamFactoryFactory=NettyStreamFactoryFactory{eventLoopGroup=io.netty.channel.nio.NioEventLoopGroup@552fee7a, socketChannelClass=class io.netty.channel.socket.nio.NioSocketChannel, allocator=PooledByteBufAllocator(directByDefault: true), sslContext=null}, commandListeners=[io.micrometer.core.instrument.binder.mongodb.MongoMetricsCommandListener@548e43b1], codecRegistry=ProvidersCodecRegistry{codecProviders=[ValueCodecProvider{}, BsonValueCodecProvider{}, DBRefCodecProvider{}, DBObjectCodecProvider{}, DocumentCodecProvider{}, CollectionCodecProvider{}, IterableCodecProvider{}, MapCodecProvider{}, GeoJsonCodecProvider{}, GridFSFileCodecProvider{}, Jsr310CodecProvider{}, JsonObjectCodecProvider{}, BsonCodecProvider{}, EnumCodecProvider{}, com.mongodb.client.model.mql.ExpressionCodecProvider@67688110, com.mongodb.Jep395RecordCodecProvider@6d293993]}, loggerSettings=LoggerSettings{maxDocumentLength=1000}, clusterSettings={hosts=[127.0.0.1:27017], srvHost=twitter.chyjxuf.mongodb.net, srvServiceName=mongodb, mode=MULTIPLE, requiredClusterType=REPLICA_SET, requiredReplicaSetName='atlas-mfy9il-shard-0', serverSelector='null', clusterListeners='[]', serverSelectionTimeout='30000 ms', localThreshold='30000 ms'}, socketSettings=SocketSettings{connectTimeoutMS=10000, readTimeoutMS=0, receiveBufferSize=0, sendBufferSize=0}, heartbeatSocketSettings=SocketSettings{connectTimeoutMS=10000, readTimeoutMS=10000, receiveBufferSize=0, sendBufferSize=0}, connectionPoolSettings=ConnectionPoolSettings{maxSize=100, minSize=0, maxWaitTimeMS=120000, maxConnectionLifeTimeMS=0, maxConnectionIdleTimeMS=0, maintenanceInitialDelayMS=0, maintenanceFrequencyMS=60000, connectionPoolListeners=[io.micrometer.core.instrument.binder.mongodb.MongoMetricsConnectionPoolListener@475f5672], maxConnecting=2}, serverSettings=ServerSettings{heartbeatFrequencyMS=10000, minHeartbeatFrequencyMS=500, serverListeners='[]', serverMonitorListeners='[]'}, sslSettings=SslSettings{enabled=true, invalidHostNameAllowed=false, context=null}, applicationName='null', compressorList=[], uuidRepresentation=JAVA_LEGACY, serverApi=null, autoEncryptionSettings=null, contextProvider=null}
2023-07-11T16:55:31.795-05:00  INFO 24880 --- [xuf.mongodb.net] org.mongodb.driver.cluster               : Adding discovered server ac-yq8dorm-shard-00-01.chyjxuf.mongodb.net:27017 to client view of cluster
2023-07-11T16:55:31.818-05:00  INFO 24880 --- [xuf.mongodb.net] org.mongodb.driver.cluster               : Adding discovered server ac-yq8dorm-shard-00-02.chyjxuf.mongodb.net:27017 to client view of cluster
2023-07-11T16:55:31.822-05:00  INFO 24880 --- [xuf.mongodb.net] org.mongodb.driver.cluster               : Adding discovered server ac-yq8dorm-shard-00-00.chyjxuf.mongodb.net:27017 to client view of cluster
2023-07-11T16:55:32.779-05:00  INFO 24880 --- [           main] o.s.b.a.e.web.EndpointLinksResolver      : Exposing 1 endpoint(s) beneath base path '/actuator'
2023-07-11T16:55:32.785-05:00  INFO 24880 --- [ngodb.net:27017] org.mongodb.driver.cluster               : Monitor thread successfully connected to server with description ServerDescription{address=ac-yq8dorm-shard-00-02.chyjxuf.mongodb.net:27017, type=REPLICA_SET_PRIMARY, state=CONNECTED, ok=true, minWireVersion=0, maxWireVersion=17, maxDocumentSize=16777216, logicalSessionTimeoutMinutes=30, roundTripTimeNanos=465957200, setName='atlas-mfy9il-shard-0', canonicalAddress=ac-yq8dorm-shard-00-02.chyjxuf.mongodb.net:27017, hosts=[ac-yq8dorm-shard-00-01.chyjxuf.mongodb.net:27017, ac-yq8dorm-shard-00-02.chyjxuf.mongodb.net:27017, ac-yq8dorm-shard-00-00.chyjxuf.mongodb.net:27017], passives=[], arbiters=[], primary='ac-yq8dorm-shard-00-02.chyjxuf.mongodb.net:27017', tagSet=TagSet{[Tag{name='nodeType', value='ELECTABLE'}, Tag{name='provider', value='AWS'}, Tag{name='region', value='US_EAST_1'}, Tag{name='workloadType', value='OPERATIONAL'}]}, electionId=7fffffff00000000000000d2, setVersion=10, topologyVersion=TopologyVersion{processId=648b63a9e927933f572e8a0a, counter=6}, lastWriteDate=Tue Jul 11 16:55:30 PET 2023, lastUpdateTimeNanos=457490213729700}
2023-07-11T16:55:32.785-05:00  INFO 24880 --- [ngodb.net:27017] org.mongodb.driver.cluster               : Monitor thread successfully connected to server with description ServerDescription{address=ac-yq8dorm-shard-00-00.chyjxuf.mongodb.net:27017, type=REPLICA_SET_SECONDARY, state=CONNECTED, ok=true, minWireVersion=0, maxWireVersion=17, maxDocumentSize=16777216, logicalSessionTimeoutMinutes=30, roundTripTimeNanos=462954500, setName='atlas-mfy9il-shard-0', canonicalAddress=ac-yq8dorm-shard-00-00.chyjxuf.mongodb.net:27017, hosts=[ac-yq8dorm-shard-00-01.chyjxuf.mongodb.net:27017, ac-yq8dorm-shard-00-02.chyjxuf.mongodb.net:27017, ac-yq8dorm-shard-00-00.chyjxuf.mongodb.net:27017], passives=[], arbiters=[], primary='ac-yq8dorm-shard-00-02.chyjxuf.mongodb.net:27017', tagSet=TagSet{[Tag{name='nodeType', value='ELECTABLE'}, Tag{name='provider', value='AWS'}, Tag{name='region', value='US_EAST_1'}, Tag{name='workloadType', value='OPERATIONAL'}]}, electionId=null, setVersion=10, topologyVersion=TopologyVersion{processId=649ab712f3e7aabd6cad8399, counter=3}, lastWriteDate=Tue Jul 11 16:55:30 PET 2023, lastUpdateTimeNanos=457490213579300}
2023-07-11T16:55:32.785-05:00  INFO 24880 --- [ngodb.net:27017] org.mongodb.driver.cluster               : Monitor thread successfully connected to server with description ServerDescription{address=ac-yq8dorm-shard-00-01.chyjxuf.mongodb.net:27017, type=REPLICA_SET_SECONDARY, state=CONNECTED, ok=true, minWireVersion=0, maxWireVersion=17, maxDocumentSize=16777216, logicalSessionTimeoutMinutes=30, roundTripTimeNanos=462871600, setName='atlas-mfy9il-shard-0', canonicalAddress=ac-yq8dorm-shard-00-01.chyjxuf.mongodb.net:27017, hosts=[ac-yq8dorm-shard-00-01.chyjxuf.mongodb.net:27017, ac-yq8dorm-shard-00-02.chyjxuf.mongodb.net:27017, ac-yq8dorm-shard-00-00.chyjxuf.mongodb.net:27017], passives=[], arbiters=[], primary='ac-yq8dorm-shard-00-02.chyjxuf.mongodb.net:27017', tagSet=TagSet{[Tag{name='nodeType', value='ELECTABLE'}, Tag{name='provider', value='AWS'}, Tag{name='region', value='US_EAST_1'}, Tag{name='workloadType', value='OPERATIONAL'}]}, electionId=null, setVersion=10, topologyVersion=TopologyVersion{processId=649c38bd629ccea6b92307e3, counter=3}, lastWriteDate=Tue Jul 11 16:55:30 PET 2023, lastUpdateTimeNanos=457490213478500}
2023-07-11T16:55:32.790-05:00  INFO 24880 --- [ngodb.net:27017] org.mongodb.driver.cluster               : Discovered replica set primary ac-yq8dorm-shard-00-02.chyjxuf.mongodb.net:27017 with max election id 7fffffff00000000000000d2 and max set version 10
2023-07-11T16:55:32.976-05:00  INFO 24880 --- [           main] c.n.j.p.i.c.s.SpringBootServiceTests     : Started SpringBootServiceTests in 3.0 seconds (process running for 3.895)
]]></system-out>
  </testcase>
</testsuite>